#
# A fatal error has been detected by the Java Runtime Environment:
#
#  Internal Error (./open/src/hotspot/share/interpreter/oopMapCache.cpp:111), pid=26760, tid=18348
#  Error: ShouldNotReachHere()
#
# JRE version: Java(TM) SE Runtime Environment (14.0.1+7) (build 14.0.1+7)
# Java VM: Java HotSpot(TM) 64-Bit Server VM (14.0.1+7, mixed mode, sharing, tiered, compressed oops, g1 gc, windows-amd64)
# No core dump will be written. Minidumps are not enabled by default on client versions of Windows
#
# If you would like to submit a bug report, please visit:
#   https://bugreport.java.com/bugreport/crash.jsp
#

---------------  S U M M A R Y ------------

Command Line: -agentlib:jdwp=transport=dt_socket,suspend=y,address=localhost:62141 -ea -Denv=dev -Dfile.encoding=Cp1252 org.testng.remote.RemoteTestNG -port 62140 -protocol string -d C:\Users\satya.ranimekala\git\TalkizApi\test-output C:\Users\SATYA~1.RAN\AppData\Local\Temp\testng-eclipse-364450236\testng-customsuite.xml

Host: Intel(R) Core(TM) i5-8365U CPU @ 1.60GHz, 8 cores, 15G,  Windows 10 , 64 bit Build 19041 (10.0.19041.292)
Time: Sun Aug  2 00:37:45 2020 India Standard Time elapsed time: 3480 seconds (0d 0h 58m 0s)

---------------  T H R E A D  ---------------

Current thread (0x00000191f7089000):  JavaThread "JDWP Transport Listener: dt_socket" daemon [_thread_in_vm, id=18348, stack(0x000000230fd00000,0x000000230fe00000)] _threads_hazard_ptr=0x00000191fd965040

Stack: [0x000000230fd00000,0x000000230fe00000]
Native frames: (J=compiled Java code, j=interpreted, Vv=VM code, C=native code)
V  [jvm.dll+0x5f840a]
V  [jvm.dll+0x741e4a]
V  [jvm.dll+0x7435ff]
V  [jvm.dll+0x743bf7]
V  [jvm.dll+0x20d20c]
V  [jvm.dll+0x20d173]
V  [jvm.dll+0x5e754f]
V  [jvm.dll+0x5e72ad]
V  [jvm.dll+0x5af2b3]
V  [jvm.dll+0x7394bf]
V  [jvm.dll+0x4bee71]
V  [jvm.dll+0x748a5b]
V  [jvm.dll+0x4a54fe]
V  [jvm.dll+0x46ee8b]
C  [jdwp.dll+0x751f]


---------------  P R O C E S S  ---------------

Threads class SMR info:
_java_thread_list=0x00000191fd965040, length=15, elements={
0x00000191d2a3c800, 0x00000191f3d94800, 0x00000191f3d96000, 0x00000191f6f29000,
0x00000191f6f2a800, 0x00000191f6f2c000, 0x00000191f6f38800, 0x00000191f6f3d000,
0x00000191f6f51000, 0x00000191f7089000, 0x00000191f708b000, 0x00000191f708c000,
0x00000191f70ac000, 0x00000191f70ad000, 0x00000191f70ae800
}

Java Threads: ( => current thread )
  0x00000191d2a3c800 JavaThread "main" [_thread_blocked, id=31036, stack(0x000000230ee00000,0x000000230ef00000)]
  0x00000191f3d94800 JavaThread "Reference Handler" daemon [_thread_blocked, id=9372, stack(0x000000230f500000,0x000000230f600000)]
  0x00000191f3d96000 JavaThread "Finalizer" daemon [_thread_blocked, id=26680, stack(0x000000230f600000,0x000000230f700000)]
  0x00000191f6f29000 JavaThread "Signal Dispatcher" daemon [_thread_blocked, id=20856, stack(0x000000230f700000,0x000000230f800000)]
  0x00000191f6f2a800 JavaThread "Attach Listener" daemon [_thread_blocked, id=27572, stack(0x000000230f800000,0x000000230f900000)]
  0x00000191f6f2c000 JavaThread "Service Thread" daemon [_thread_blocked, id=16808, stack(0x000000230f900000,0x000000230fa00000)]
  0x00000191f6f38800 JavaThread "C2 CompilerThread0" daemon [_thread_blocked, id=19108, stack(0x000000230fa00000,0x000000230fb00000)]
  0x00000191f6f3d000 JavaThread "C1 CompilerThread0" daemon [_thread_blocked, id=32604, stack(0x000000230fb00000,0x000000230fc00000)]
  0x00000191f6f51000 JavaThread "Sweeper thread" daemon [_thread_blocked, id=28072, stack(0x000000230fc00000,0x000000230fd00000)]
=>0x00000191f7089000 JavaThread "JDWP Transport Listener: dt_socket" daemon [_thread_in_vm, id=18348, stack(0x000000230fd00000,0x000000230fe00000)] _threads_hazard_ptr=0x00000191fd965040
  0x00000191f708b000 JavaThread "JDWP Event Helper Thread" daemon [_thread_blocked, id=29420, stack(0x000000230fe00000,0x000000230ff00000)]
  0x00000191f708c000 JavaThread "JDWP Command Reader" daemon [_thread_in_native, id=29740, stack(0x000000230ff00000,0x0000002310000000)]
  0x00000191f70ac000 JavaThread "Notification Thread" daemon [_thread_blocked, id=3516, stack(0x0000002310000000,0x0000002310100000)]
  0x00000191f70ad000 JavaThread "Common-Cleaner" daemon [_thread_blocked, id=17752, stack(0x0000002310200000,0x0000002310300000)]
  0x00000191f70ae800 JavaThread "ReaderThread" [_thread_in_native, id=26816, stack(0x0000002310500000,0x0000002310600000)]

Other Threads:
  0x00000191f3d93000 VMThread "VM Thread" [stack: 0x000000230f400000,0x000000230f500000] [id=28108]
  0x00000191f709d800 WatcherThread [stack: 0x0000002310100000,0x0000002310200000] [id=1352]
  0x00000191d2aa3000 GCTaskThread "GC Thread#0" [stack: 0x000000230ef00000,0x000000230f000000] [id=32380]
  0x00000191f830a000 GCTaskThread "GC Thread#1" [stack: 0x0000002310600000,0x0000002310700000] [id=11104]
  0x00000191f81b1800 GCTaskThread "GC Thread#2" [stack: 0x0000002310700000,0x0000002310800000] [id=23168]
  0x00000191f830b000 GCTaskThread "GC Thread#3" [stack: 0x0000002310800000,0x0000002310900000] [id=29540]
  0x00000191f830b800 GCTaskThread "GC Thread#4" [stack: 0x0000002310900000,0x0000002310a00000] [id=14176]
  0x00000191f830c800 GCTaskThread "GC Thread#5" [stack: 0x0000002310a00000,0x0000002310b00000] [id=30112]
  0x00000191f3bc8000 ConcurrentGCThread "G1 Main Marker" [stack: 0x000000230f000000,0x000000230f100000] [id=11908]
  0x00000191d2aae000 ConcurrentGCThread "G1 Conc#0" [stack: 0x000000230f100000,0x000000230f200000] [id=29256]
  0x00000191fb409000 ConcurrentGCThread "G1 Conc#1" [stack: 0x0000002310f00000,0x0000002311000000] [id=28296]
  0x00000191f3cdb000 ConcurrentGCThread "G1 Refine#0" [stack: 0x000000230f200000,0x000000230f300000] [id=31264]
  0x00000191f7159000 ConcurrentGCThread "G1 Refine#1" [stack: 0x0000002310b00000,0x0000002310c00000] [id=32308]
  0x00000191f81a8800 ConcurrentGCThread "G1 Refine#2" [stack: 0x0000002310c00000,0x0000002310d00000] [id=6948]
  0x00000191f80b9800 ConcurrentGCThread "G1 Refine#3" [stack: 0x0000002310d00000,0x0000002310e00000] [id=22284]
  0x00000191f3cdd000 ConcurrentGCThread "G1 Young RemSet Sampling" [stack: 0x000000230f300000,0x000000230f400000] [id=26100]

Threads with active compile tasks:

VM state:not at safepoint (normal execution)

VM Mutex/Monitor currently owned by a thread: None

Heap address: 0x0000000703e00000, size: 4034 MB, Compressed Oops mode: Zero based, Oop shift amount: 3
Narrow klass base: 0x0000000800000000, Narrow klass shift: 3
Compressed class space size: 1073741824 Address: 0x0000000800b30000

Heap:
 garbage-first heap   total 86016K, used 40141K [0x0000000703e00000, 0x0000000800000000)
  region size 1024K, 18 young (18432K), 3 survivors (3072K)
 Metaspace       used 32431K, capacity 33783K, committed 34044K, reserved 1079296K
  class space    used 3970K, capacity 4570K, committed 4684K, reserved 1048576K
Heap Regions: E=young(eden), S=young(survivor), O=old, HS=humongous(starts), HC=humongous(continues), CS=collection set, F=free, OA=open archive, CA=closed archive, TAMS=top-at-mark-start (previous, next)
|   0|0x0000000703e00000, 0x0000000703f00000, 0x0000000703f00000|100%| O|  |TAMS 0x0000000703f00000, 0x0000000703e00000| Untracked 
|   1|0x0000000703f00000, 0x0000000704000000, 0x0000000704000000|100%| O|  |TAMS 0x0000000704000000, 0x0000000703f00000| Untracked 
|   2|0x0000000704000000, 0x0000000704100000, 0x0000000704100000|100%| O|  |TAMS 0x0000000704100000, 0x0000000704000000| Untracked 
|   3|0x0000000704100000, 0x0000000704200000, 0x0000000704200000|100%| O|  |TAMS 0x0000000704200000, 0x0000000704100000| Untracked 
|   4|0x0000000704200000, 0x0000000704300000, 0x0000000704300000|100%| O|  |TAMS 0x0000000704300000, 0x0000000704200000| Untracked 
|   5|0x0000000704300000, 0x0000000704400000, 0x0000000704400000|100%| O|  |TAMS 0x0000000704400000, 0x0000000704300000| Untracked 
|   6|0x0000000704400000, 0x0000000704500000, 0x0000000704500000|100%| O|  |TAMS 0x0000000704500000, 0x0000000704400000| Untracked 
|   7|0x0000000704500000, 0x0000000704600000, 0x0000000704600000|100%| O|  |TAMS 0x0000000704500000, 0x0000000704500000| Untracked 
|   8|0x0000000704600000, 0x0000000704700000, 0x0000000704700000|100%| O|  |TAMS 0x0000000704600000, 0x0000000704600000| Untracked 
|   9|0x0000000704700000, 0x0000000704800000, 0x0000000704800000|100%| O|  |TAMS 0x0000000704700000, 0x0000000704700000| Untracked 
|  10|0x0000000704800000, 0x000000070483ce00, 0x0000000704900000| 23%| O|  |TAMS 0x000000070483ce00, 0x0000000704800000| Untracked 
|  11|0x0000000704900000, 0x0000000704a00000, 0x0000000704a00000|100%| O|  |TAMS 0x0000000704900000, 0x0000000704900000| Untracked 
|  12|0x0000000704a00000, 0x0000000704b00000, 0x0000000704b00000|100%| O|  |TAMS 0x0000000704a00000, 0x0000000704a00000| Untracked 
|  13|0x0000000704b00000, 0x0000000704c00000, 0x0000000704c00000|100%| O|  |TAMS 0x0000000704b00000, 0x0000000704b00000| Untracked 
|  14|0x0000000704c00000, 0x0000000704d00000, 0x0000000704d00000|100%| O|  |TAMS 0x0000000704c00000, 0x0000000704c00000| Untracked 
|  15|0x0000000704d00000, 0x0000000704e00000, 0x0000000704e00000|100%| O|  |TAMS 0x0000000704d00000, 0x0000000704d00000| Untracked 
|  16|0x0000000704e00000, 0x0000000704f00000, 0x0000000704f00000|100%| O|  |TAMS 0x0000000704e00000, 0x0000000704e00000| Untracked 
|  17|0x0000000704f00000, 0x0000000705000000, 0x0000000705000000|100%| O|  |TAMS 0x0000000704f00000, 0x0000000704f00000| Untracked 
|  18|0x0000000705000000, 0x0000000705100000, 0x0000000705100000|100%| O|  |TAMS 0x0000000705000000, 0x0000000705000000| Untracked 
|  19|0x0000000705100000, 0x0000000705200000, 0x0000000705200000|100%| O|  |TAMS 0x0000000705100000, 0x0000000705100000| Untracked 
|  20|0x0000000705200000, 0x0000000705300000, 0x0000000705300000|100%| O|  |TAMS 0x0000000705200000, 0x0000000705200000| Untracked 
|  21|0x0000000705300000, 0x0000000705400000, 0x0000000705400000|100%| O|  |TAMS 0x0000000705300000, 0x0000000705300000| Untracked 
|  22|0x0000000705400000, 0x0000000705400000, 0x0000000705500000|  0%| F|  |TAMS 0x0000000705400000, 0x0000000705400000| Untracked 
|  23|0x0000000705500000, 0x0000000705500000, 0x0000000705600000|  0%| F|  |TAMS 0x0000000705500000, 0x0000000705500000| Untracked 
|  24|0x0000000705600000, 0x0000000705600000, 0x0000000705700000|  0%| F|  |TAMS 0x0000000705600000, 0x0000000705600000| Untracked 
|  25|0x0000000705700000, 0x0000000705700000, 0x0000000705800000|  0%| F|  |TAMS 0x0000000705700000, 0x0000000705700000| Untracked 
|  26|0x0000000705800000, 0x0000000705800000, 0x0000000705900000|  0%| F|  |TAMS 0x0000000705800000, 0x0000000705800000| Untracked 
|  27|0x0000000705900000, 0x0000000705900000, 0x0000000705a00000|  0%| F|  |TAMS 0x0000000705900000, 0x0000000705900000| Untracked 
|  28|0x0000000705a00000, 0x0000000705afc000, 0x0000000705b00000| 98%| O|  |TAMS 0x0000000705a00000, 0x0000000705a00000| Untracked 
|  29|0x0000000705b00000, 0x0000000705b00000, 0x0000000705c00000|  0%| F|  |TAMS 0x0000000705b00000, 0x0000000705b00000| Untracked 
|  30|0x0000000705c00000, 0x0000000705c00000, 0x0000000705d00000|  0%| F|  |TAMS 0x0000000705c00000, 0x0000000705c00000| Untracked 
|  31|0x0000000705d00000, 0x0000000705d00000, 0x0000000705e00000|  0%| F|  |TAMS 0x0000000705d00000, 0x0000000705d00000| Untracked 
|  32|0x0000000705e00000, 0x0000000705e00000, 0x0000000705f00000|  0%| F|  |TAMS 0x0000000705e00000, 0x0000000705e00000| Untracked 
|  33|0x0000000705f00000, 0x0000000705f00000, 0x0000000706000000|  0%| F|  |TAMS 0x0000000705f00000, 0x0000000705f00000| Untracked 
|  34|0x0000000706000000, 0x0000000706000000, 0x0000000706100000|  0%| F|  |TAMS 0x0000000706000000, 0x0000000706000000| Untracked 
|  35|0x0000000706100000, 0x0000000706100000, 0x0000000706200000|  0%| F|  |TAMS 0x0000000706100000, 0x0000000706100000| Untracked 
|  36|0x0000000706200000, 0x0000000706200000, 0x0000000706300000|  0%| F|  |TAMS 0x0000000706200000, 0x0000000706200000| Untracked 
|  37|0x0000000706300000, 0x0000000706300000, 0x0000000706400000|  0%| F|  |TAMS 0x0000000706300000, 0x0000000706300000| Untracked 
|  38|0x0000000706400000, 0x0000000706400000, 0x0000000706500000|  0%| F|  |TAMS 0x0000000706400000, 0x0000000706400000| Untracked 
|  39|0x0000000706500000, 0x0000000706500000, 0x0000000706600000|  0%| F|  |TAMS 0x0000000706500000, 0x0000000706500000| Untracked 
|  40|0x0000000706600000, 0x0000000706600000, 0x0000000706700000|  0%| F|  |TAMS 0x0000000706600000, 0x0000000706600000| Untracked 
|  41|0x0000000706700000, 0x0000000706700000, 0x0000000706800000|  0%| F|  |TAMS 0x0000000706700000, 0x0000000706700000| Untracked 
|  42|0x0000000706800000, 0x0000000706800000, 0x0000000706900000|  0%| F|  |TAMS 0x0000000706800000, 0x0000000706800000| Untracked 
|  43|0x0000000706900000, 0x0000000706900000, 0x0000000706a00000|  0%| F|  |TAMS 0x0000000706900000, 0x0000000706900000| Untracked 
|  44|0x0000000706a00000, 0x0000000706a00000, 0x0000000706b00000|  0%| F|  |TAMS 0x0000000706a00000, 0x0000000706a00000| Untracked 
|  45|0x0000000706b00000, 0x0000000706b00000, 0x0000000706c00000|  0%| F|  |TAMS 0x0000000706b00000, 0x0000000706b00000| Untracked 
|  46|0x0000000706c00000, 0x0000000706cfa908, 0x0000000706d00000| 97%| S|CS|TAMS 0x0000000706c00000, 0x0000000706c00000| Complete 
|  47|0x0000000706d00000, 0x0000000706e00000, 0x0000000706e00000|100%| S|CS|TAMS 0x0000000706d00000, 0x0000000706d00000| Complete 
|  48|0x0000000706e00000, 0x0000000706f00000, 0x0000000706f00000|100%| S|CS|TAMS 0x0000000706e00000, 0x0000000706e00000| Complete 
|  49|0x0000000706f00000, 0x0000000706f00000, 0x0000000707000000|  0%| F|  |TAMS 0x0000000706f00000, 0x0000000706f00000| Untracked 
|  50|0x0000000707000000, 0x0000000707000000, 0x0000000707100000|  0%| F|  |TAMS 0x0000000707000000, 0x0000000707000000| Untracked 
|  51|0x0000000707100000, 0x0000000707100000, 0x0000000707200000|  0%| F|  |TAMS 0x0000000707100000, 0x0000000707100000| Untracked 
|  52|0x0000000707200000, 0x0000000707200000, 0x0000000707300000|  0%| F|  |TAMS 0x0000000707200000, 0x0000000707200000| Untracked 
|  53|0x0000000707300000, 0x0000000707300000, 0x0000000707400000|  0%| F|  |TAMS 0x0000000707300000, 0x0000000707300000| Untracked 
|  54|0x0000000707400000, 0x0000000707400000, 0x0000000707500000|  0%| F|  |TAMS 0x0000000707400000, 0x0000000707400000| Untracked 
|  55|0x0000000707500000, 0x0000000707500000, 0x0000000707600000|  0%| F|  |TAMS 0x0000000707500000, 0x0000000707500000| Untracked 
|  56|0x0000000707600000, 0x0000000707600000, 0x0000000707700000|  0%| F|  |TAMS 0x0000000707600000, 0x0000000707600000| Untracked 
|  57|0x0000000707700000, 0x0000000707700000, 0x0000000707800000|  0%| F|  |TAMS 0x0000000707700000, 0x0000000707700000| Untracked 
|  58|0x0000000707800000, 0x0000000707800000, 0x0000000707900000|  0%| F|  |TAMS 0x0000000707800000, 0x0000000707800000| Untracked 
|  59|0x0000000707900000, 0x0000000707900000, 0x0000000707a00000|  0%| F|  |TAMS 0x0000000707900000, 0x0000000707900000| Untracked 
|  60|0x0000000707a00000, 0x0000000707a00000, 0x0000000707b00000|  0%| F|  |TAMS 0x0000000707a00000, 0x0000000707a00000| Untracked 
|  61|0x0000000707b00000, 0x0000000707b00000, 0x0000000707c00000|  0%| F|  |TAMS 0x0000000707b00000, 0x0000000707b00000| Untracked 
|  62|0x0000000707c00000, 0x0000000707c00000, 0x0000000707d00000|  0%| F|  |TAMS 0x0000000707c00000, 0x0000000707c00000| Untracked 
|  63|0x0000000707d00000, 0x0000000707d00000, 0x0000000707e00000|  0%| F|  |TAMS 0x0000000707d00000, 0x0000000707d00000| Untracked 
|  64|0x0000000707e00000, 0x0000000707e00000, 0x0000000707f00000|  0%| F|  |TAMS 0x0000000707e00000, 0x0000000707e00000| Untracked 
|  65|0x0000000707f00000, 0x0000000707f00000, 0x0000000708000000|  0%| F|  |TAMS 0x0000000707f00000, 0x0000000707f00000| Untracked 
|  66|0x0000000708000000, 0x0000000708000000, 0x0000000708100000|  0%| F|  |TAMS 0x0000000708000000, 0x0000000708000000| Untracked 
|  67|0x0000000708100000, 0x0000000708100000, 0x0000000708200000|  0%| F|  |TAMS 0x0000000708100000, 0x0000000708100000| Untracked 
|  68|0x0000000708200000, 0x0000000708200000, 0x0000000708300000|  0%| F|  |TAMS 0x0000000708200000, 0x0000000708200000| Untracked 
|  69|0x0000000708300000, 0x00000007083da210, 0x0000000708400000| 85%| E|  |TAMS 0x0000000708300000, 0x0000000708300000| Complete 
|  70|0x0000000708400000, 0x0000000708500000, 0x0000000708500000|100%| E|CS|TAMS 0x0000000708400000, 0x0000000708400000| Complete 
| 207|0x0000000710d00000, 0x0000000710e00000, 0x0000000710e00000|100%| E|CS|TAMS 0x0000000710d00000, 0x0000000710d00000| Complete 
| 208|0x0000000710e00000, 0x0000000710f00000, 0x0000000710f00000|100%| E|CS|TAMS 0x0000000710e00000, 0x0000000710e00000| Complete 
| 209|0x0000000710f00000, 0x0000000711000000, 0x0000000711000000|100%| E|CS|TAMS 0x0000000710f00000, 0x0000000710f00000| Complete 
| 210|0x0000000711000000, 0x0000000711100000, 0x0000000711100000|100%| E|CS|TAMS 0x0000000711000000, 0x0000000711000000| Complete 
| 211|0x0000000711100000, 0x0000000711200000, 0x0000000711200000|100%| E|CS|TAMS 0x0000000711100000, 0x0000000711100000| Complete 
| 212|0x0000000711200000, 0x0000000711300000, 0x0000000711300000|100%| E|CS|TAMS 0x0000000711200000, 0x0000000711200000| Complete 
| 213|0x0000000711300000, 0x0000000711400000, 0x0000000711400000|100%| E|CS|TAMS 0x0000000711300000, 0x0000000711300000| Complete 
| 214|0x0000000711400000, 0x0000000711500000, 0x0000000711500000|100%| E|CS|TAMS 0x0000000711400000, 0x0000000711400000| Complete 
| 215|0x0000000711500000, 0x0000000711600000, 0x0000000711600000|100%| E|CS|TAMS 0x0000000711500000, 0x0000000711500000| Complete 
| 216|0x0000000711600000, 0x0000000711700000, 0x0000000711700000|100%| E|CS|TAMS 0x0000000711600000, 0x0000000711600000| Complete 
| 217|0x0000000711700000, 0x0000000711800000, 0x0000000711800000|100%| E|CS|TAMS 0x0000000711700000, 0x0000000711700000| Complete 
| 218|0x0000000711800000, 0x0000000711900000, 0x0000000711900000|100%| E|CS|TAMS 0x0000000711800000, 0x0000000711800000| Complete 
| 253|0x0000000713b00000, 0x0000000713c00000, 0x0000000713c00000|100%| E|CS|TAMS 0x0000000713b00000, 0x0000000713b00000| Complete 

Card table byte_map: [0x00000191eaca0000,0x00000191eb490000] _byte_map_base: 0x00000191e7481000

Marking Bits (Prev, Next): (CMBitMap*) 0x00000191d2aa3ed8, (CMBitMap*) 0x00000191d2aa3e98
 Prev Bits: [0x00000191efb90000, 0x00000191f3a98000)
 Next Bits: [0x00000191ebc80000, 0x00000191efb88000)

Polling page: 0x00000191d0810000

Metaspace:

Usage:
  Non-class:     28.53 MB capacity,    27.79 MB ( 97%) used,   664.16 KB (  2%) free+waste,    87.56 KB ( <1%) overhead. 
      Class:      4.46 MB capacity,     3.88 MB ( 87%) used,   553.25 KB ( 12%) free+waste,    46.56 KB (  1%) overhead. 
       Both:     32.99 MB capacity,    31.67 MB ( 96%) used,     1.19 MB (  4%) free+waste,   134.13 KB ( <1%) overhead. 

Virtual space:
  Non-class space:       30.00 MB reserved,      28.67 MB ( 96%) committed 
      Class space:        1.00 GB reserved,       4.57 MB ( <1%) committed 
             Both:        1.03 GB reserved,      33.25 MB (  3%) committed 

Chunk freelists:
   Non-Class:  19.00 KB
       Class:  6.00 KB
        Both:  25.00 KB

MaxMetaspaceSize: 17179869184.00 GB
CompressedClassSpaceSize: 1.00 GB

CodeHeap 'non-profiled nmethods': size=120000Kb used=2879Kb max_used=2879Kb free=117120Kb
 bounds [0x00000191e2c50000, 0x00000191e2f20000, 0x00000191ea180000]
CodeHeap 'profiled nmethods': size=120000Kb used=9171Kb max_used=9171Kb free=110828Kb
 bounds [0x00000191db720000, 0x00000191dc020000, 0x00000191e2c50000]
CodeHeap 'non-nmethods': size=5760Kb used=2434Kb max_used=2494Kb free=3325Kb
 bounds [0x00000191db180000, 0x00000191db400000, 0x00000191db720000]
 total_blobs=6361 nmethods=4086 adapters=731
 compilation: enabled
              stopped_count=0, restarted_count=0
 full_count=0

Compilation events (20 events):
Event: 4.430 Thread 0x00000191f6f3d000 nmethod 4079 0x00000191e2f18f10 code [0x00000191e2f190a0, 0x00000191e2f19178]
Event: 4.430 Thread 0x00000191f6f3d000 4080       3       java.util.regex.IntHashSet::contains (44 bytes)
Event: 4.430 Thread 0x00000191f6f3d000 nmethod 4080 0x00000191dc011610 code [0x00000191dc0117c0, 0x00000191dc011a78]
Event: 4.432 Thread 0x00000191f6f3d000 4081       3       java.nio.CharBuffer::position (8 bytes)
Event: 4.432 Thread 0x00000191f6f3d000 nmethod 4081 0x00000191dc011c10 code [0x00000191dc011dc0, 0x00000191dc011f28]
Event: 4.432 Thread 0x00000191f6f3d000 4082       3       java.nio.CharBuffer::position (6 bytes)
Event: 4.432 Thread 0x00000191f6f3d000 nmethod 4082 0x00000191dc012010 code [0x00000191dc0121c0, 0x00000191dc012388]
Event: 4.432 Thread 0x00000191f6f3d000 4083       3       java.nio.ByteBuffer::hasArray (20 bytes)
Event: 4.432 Thread 0x00000191f6f3d000 nmethod 4083 0x00000191dc012490 code [0x00000191dc012620, 0x00000191dc0127d8]
Event: 4.432 Thread 0x00000191f6f3d000 4084       3       java.nio.Buffer::<init> (105 bytes)
Event: 4.433 Thread 0x00000191f6f3d000 nmethod 4084 0x00000191dc012890 code [0x00000191dc012b80, 0x00000191dc0139f8]
Event: 4.433 Thread 0x00000191f6f3d000 4085       3       org.apache.commons.configuration.PropertiesConfiguration::access$000 (4 bytes)
Event: 4.433 Thread 0x00000191f6f3d000 nmethod 4085 0x00000191dc013e90 code [0x00000191dc014020, 0x00000191dc014118]
Event: 4.433 Thread 0x00000191f6f3d000 4087       3       org.apache.commons.configuration.PropertiesConfiguration::access$300 (4 bytes)
Event: 4.434 Thread 0x00000191f6f3d000 nmethod 4087 0x00000191dc014190 code [0x00000191dc014320, 0x00000191dc014418]
Event: 4.434 Thread 0x00000191f6f3d000 4086       3       java.nio.CharBuffer::hasArray (20 bytes)
Event: 4.434 Thread 0x00000191f6f3d000 nmethod 4086 0x00000191dc014490 code [0x00000191dc014620, 0x00000191dc0147d8]
Event: 4.489 Thread 0x00000191f9d19800 nmethod 4071 0x00000191e2f19210 code [0x00000191e2f19960, 0x00000191e2f1e128]
Event: 1606.033 Thread 0x00000191f6f3d000 4088       3       jdk.internal.misc.InnocuousThread::eraseThreadLocals (23 bytes)
Event: 1606.033 Thread 0x00000191f6f3d000 nmethod 4088 0x00000191dc014890 code [0x00000191dc014a20, 0x00000191dc014c38]

GC Heap History (12 events):
Event: 0.812 GC heap before
{Heap before GC invocations=0 (full 0):
 garbage-first heap   total 260096K, used 22528K [0x0000000703e00000, 0x0000000800000000)
  region size 1024K, 23 young (23552K), 0 survivors (0K)
 Metaspace       used 7442K, capacity 7875K, committed 8192K, reserved 1056768K
  class space    used 819K, capacity 931K, committed 1024K, reserved 1048576K
}
Event: 0.817 GC heap after
{Heap after GC invocations=1 (full 0):
 garbage-first heap   total 260096K, used 6098K [0x0000000703e00000, 0x0000000800000000)
  region size 1024K, 3 young (3072K), 3 survivors (3072K)
 Metaspace       used 7442K, capacity 7875K, committed 8192K, reserved 1056768K
  class space    used 819K, capacity 931K, committed 1024K, reserved 1048576K
}
Event: 1.074 GC heap before
{Heap before GC invocations=1 (full 0):
 garbage-first heap   total 260096K, used 31698K [0x0000000703e00000, 0x0000000800000000)
  region size 1024K, 29 young (29696K), 3 survivors (3072K)
 Metaspace       used 11219K, capacity 11529K, committed 11648K, reserved 1058816K
  class space    used 1201K, capacity 1332K, committed 1408K, reserved 1048576K
}
Event: 1.079 GC heap after
{Heap after GC invocations=2 (full 0):
 garbage-first heap   total 260096K, used 9208K [0x0000000703e00000, 0x0000000800000000)
  region size 1024K, 3 young (3072K), 3 survivors (3072K)
 Metaspace       used 11219K, capacity 11529K, committed 11648K, reserved 1058816K
  class space    used 1201K, capacity 1332K, committed 1408K, reserved 1048576K
}
Event: 1.959 GC heap before
{Heap before GC invocations=2 (full 0):
 garbage-first heap   total 260096K, used 75768K [0x0000000703e00000, 0x0000000800000000)
  region size 1024K, 66 young (67584K), 3 survivors (3072K)
 Metaspace       used 19179K, capacity 19849K, committed 19968K, reserved 1067008K
  class space    used 2130K, capacity 2446K, committed 2560K, reserved 1048576K
}
Event: 1.968 GC heap after
{Heap after GC invocations=3 (full 0):
 garbage-first heap   total 260096K, used 16627K [0x0000000703e00000, 0x0000000800000000)
  region size 1024K, 9 young (9216K), 9 survivors (9216K)
 Metaspace       used 19179K, capacity 19849K, committed 19968K, reserved 1067008K
  class space    used 2130K, capacity 2446K, committed 2560K, reserved 1048576K
}
Event: 2.247 GC heap before
{Heap before GC invocations=3 (full 0):
 garbage-first heap   total 260096K, used 51443K [0x0000000703e00000, 0x0000000800000000)
  region size 1024K, 44 young (45056K), 9 survivors (9216K)
 Metaspace       used 20419K, capacity 21235K, committed 21296K, reserved 1069056K
  class space    used 2337K, capacity 2679K, committed 2688K, reserved 1048576K
}
Event: 2.255 GC heap after
{Heap after GC invocations=4 (full 0):
 garbage-first heap   total 260096K, used 19375K [0x0000000703e00000, 0x0000000800000000)
  region size 1024K, 12 young (12288K), 12 survivors (12288K)
 Metaspace       used 20419K, capacity 21235K, committed 21296K, reserved 1069056K
  class space    used 2337K, capacity 2679K, committed 2688K, reserved 1048576K
}
Event: 3.566 GC heap before
{Heap before GC invocations=5 (full 0):
 garbage-first heap   total 71680K, used 50095K [0x0000000703e00000, 0x0000000800000000)
  region size 1024K, 42 young (43008K), 12 survivors (12288K)
 Metaspace       used 26848K, capacity 27914K, committed 28156K, reserved 1073152K
  class space    used 3152K, capacity 3589K, committed 3660K, reserved 1048576K
}
Event: 3.579 GC heap after
{Heap after GC invocations=6 (full 0):
 garbage-first heap   total 86016K, used 22674K [0x0000000703e00000, 0x0000000800000000)
  region size 1024K, 6 young (6144K), 6 survivors (6144K)
 Metaspace       used 26848K, capacity 27914K, committed 28156K, reserved 1073152K
  class space    used 3152K, capacity 3589K, committed 3660K, reserved 1048576K
}
Event: 3.936 GC heap before
{Heap before GC invocations=6 (full 0):
 garbage-first heap   total 86016K, used 58514K [0x0000000703e00000, 0x0000000800000000)
  region size 1024K, 41 young (41984K), 6 survivors (6144K)
 Metaspace       used 30144K, capacity 31395K, committed 31740K, reserved 1077248K
  class space    used 3743K, capacity 4317K, committed 4428K, reserved 1048576K
}
Event: 3.946 GC heap after
{Heap after GC invocations=7 (full 0):
 garbage-first heap   total 86016K, used 25805K [0x0000000703e00000, 0x0000000800000000)
  region size 1024K, 3 young (3072K), 3 survivors (3072K)
 Metaspace       used 30144K, capacity 31395K, committed 31740K, reserved 1077248K
  class space    used 3743K, capacity 4317K, committed 4428K, reserved 1048576K
}

Deoptimization events (20 events):
Event: 4.425 Thread 0x00000191d2a3c800 DEOPT PACKING pc=0x00000191dbeb835c sp=0x000000230eef9d80
Event: 4.425 Thread 0x00000191d2a3c800 DEOPT UNPACKING pc=0x00000191db1c964e sp=0x000000230eef9330 mode 1
Event: 4.425 Thread 0x00000191d2a3c800 DEOPT PACKING pc=0x00000191db9edc6c sp=0x000000230eefaba0
Event: 4.425 Thread 0x00000191d2a3c800 DEOPT UNPACKING pc=0x00000191db1c964e sp=0x000000230eefa090 mode 1
Event: 4.425 Thread 0x00000191d2a3c800 DEOPT PACKING pc=0x00000191db813f3c sp=0x000000230eef9f20
Event: 4.425 Thread 0x00000191d2a3c800 DEOPT UNPACKING pc=0x00000191db1c964e sp=0x000000230eef93b8 mode 1
Event: 4.425 Thread 0x00000191d2a3c800 DEOPT PACKING pc=0x00000191db805c84 sp=0x000000230eef9ff0
Event: 4.425 Thread 0x00000191d2a3c800 DEOPT UNPACKING pc=0x00000191db1c964e sp=0x000000230eef94a8 mode 1
Event: 4.425 Thread 0x00000191d2a3c800 DEOPT PACKING pc=0x00000191db9edc6c sp=0x000000230eefaac0
Event: 4.425 Thread 0x00000191d2a3c800 DEOPT UNPACKING pc=0x00000191db1c964e sp=0x000000230eef9f98 mode 1
Event: 4.425 Thread 0x00000191d2a3c800 DEOPT PACKING pc=0x00000191dbee91e4 sp=0x000000230eefab60
Event: 4.425 Thread 0x00000191d2a3c800 DEOPT UNPACKING pc=0x00000191db1c964e sp=0x000000230eefa0b0 mode 1
Event: 4.425 Thread 0x00000191d2a3c800 DEOPT PACKING pc=0x00000191dbc339f4 sp=0x000000230eefab70
Event: 4.425 Thread 0x00000191d2a3c800 DEOPT UNPACKING pc=0x00000191db1c964e sp=0x000000230eefa040 mode 1
Event: 4.427 Thread 0x00000191d2a3c800 DEOPT PACKING pc=0x00000191dbc339f4 sp=0x000000230eefd5a0
Event: 4.427 Thread 0x00000191d2a3c800 DEOPT UNPACKING pc=0x00000191db1c964e sp=0x000000230eefca70 mode 1
Event: 4.427 Thread 0x00000191d2a3c800 DEOPT PACKING pc=0x00000191dbfb1884 sp=0x000000230eefd730
Event: 4.427 Thread 0x00000191d2a3c800 DEOPT UNPACKING pc=0x00000191db1c964e sp=0x000000230eefcd58 mode 1
Event: 4.427 Thread 0x00000191d2a3c800 DEOPT PACKING pc=0x00000191db79417c sp=0x000000230eefd960
Event: 4.427 Thread 0x00000191d2a3c800 DEOPT UNPACKING pc=0x00000191db1c964e sp=0x000000230eefce28 mode 1

Classes unloaded (0 events):
No events

Classes redefined (13 events):
Event: 362.088 Thread 0x00000191f3d93000 redefined class name=com.User.UserApiTests, count=1
Event: 1674.503 Thread 0x00000191f3d93000 redefined class name=com.Reports.ReportListner, count=1
Event: 1856.746 Thread 0x00000191f3d93000 redefined class name=com.Reports.ReportListner, count=2
Event: 1969.562 Thread 0x00000191f3d93000 redefined class name=com.Reports.ReportListner, count=3
Event: 2337.018 Thread 0x00000191f3d93000 redefined class name=com.Reports.ReportListner, count=4
Event: 2376.986 Thread 0x00000191f3d93000 redefined class name=com.User.UserApiTests, count=6
Event: 2467.159 Thread 0x00000191f3d93000 redefined class name=com.ResponseValidator.ResponseValidation, count=5
Event: 2531.859 Thread 0x00000191f3d93000 redefined class name=com.Reports.ReportListner, count=5
Event: 2591.952 Thread 0x00000191f3d93000 redefined class name=com.Reports.ReportListner, count=6
Event: 2701.679 Thread 0x00000191f3d93000 redefined class name=com.User.UserApiTests, count=9
Event: 3317.890 Thread 0x00000191f3d93000 redefined class name=com.User.UserApiTests, count=10
Event: 3400.066 Thread 0x00000191f3d93000 redefined class name=com.User.UserApiTests, count=11
Event: 3461.710 Thread 0x00000191f3d93000 redefined class name=com.User.UserApiTests, count=12

Internal exceptions (20 events):
Event: 3.721 Thread 0x00000191d2a3c800 Exception <a 'java/lang/ClassNotFoundException'{0x0000000707d17a98}: groovy/lang/GroovyShellBeanInfo> (0x0000000707d17a98) 
thrown [./open/src/hotspot/share/classfile/systemDictionary.cpp, line 226]
Event: 3.722 Thread 0x00000191d2a3c800 Exception <a 'java/lang/ClassNotFoundException'{0x0000000707d2f278}: groovy/lang/GroovyShellCustomizer> (0x0000000707d2f278) 
thrown [./open/src/hotspot/share/classfile/systemDictionary.cpp, line 226]
Event: 3.736 Thread 0x00000191d2a3c800 Exception <a 'java/lang/NoSuchMethodError'{0x0000000707db4d28}: 'void java.lang.invoke.DirectMethodHandle$Holder.invokeVirtual(java.lang.Object, java.lang.Object)'> (0x0000000707db4d28) 
thrown [./open/src/hotspot/share/interpreter/linkResolver.cpp, line 766]
Event: 3.737 Thread 0x00000191d2a3c800 Exception <a 'java/lang/NoSuchMethodError'{0x0000000707dbc418}: 'void java.lang.invoke.DirectMethodHandle$Holder.invokeSpecial(java.lang.Object, java.lang.Object, java.lang.Object, java.lang.Object, java.lang.Object)'> (0x0000000707dbc418) 
thrown [./open/src/hotspot/share/interpreter/linkResolver.cpp, line 766]
Event: 3.749 Thread 0x00000191d2a3c800 Exception <a 'java/lang/NoSuchMethodError'{0x0000000707c38f90}: 'void java.lang.invoke.DirectMethodHandle$Holder.invokeStatic(java.lang.Object, java.lang.Object, java.lang.Object, java.lang.Object, java.lang.Object, java.lang.Object)'> (0x0000000707c38f90) 
thrown [./open/src/hotspot/share/interpreter/linkResolver.cpp, line 766]
Event: 3.843 Thread 0x00000191d2a3c800 Implicit null exception at 0x00000191e2e027d6 to 0x00000191e2e02ebc
Event: 3.976 Thread 0x00000191d2a3c800 Exception <a 'java/lang/NoSuchMethodError'{0x0000000711894bc8}: 'void java.lang.invoke.DirectMethodHandle$Holder.invokeSpecialIFC(java.lang.Object, java.lang.Object, java.lang.Object)'> (0x0000000711894bc8) 
thrown [./open/src/hotspot/share/interpreter/linkResolver.cpp, line 766]
Event: 3.984 Thread 0x00000191d2a3c800 Exception <a 'java/lang/NoSuchMethodError'{0x00000007118db0c8}: 'int java.lang.invoke.DirectMethodHandle$Holder.invokeSpecial(java.lang.Object, java.lang.Object, java.lang.Object, java.lang.Object, java.lang.Object)'> (0x00000007118db0c8) 
thrown [./open/src/hotspot/share/interpreter/linkResolver.cpp, line 766]
Event: 4.009 Thread 0x00000191d2a3c800 Exception <a 'java/lang/NoSuchMethodError'{0x00000007116568f8}: 'void java.lang.invoke.DirectMethodHandle$Holder.invokeSpecial(java.lang.Object, java.lang.Object, java.lang.Object, java.lang.Object, java.lang.Object, java.lang.Object)'> (0x00000007116568f8) 
thrown [./open/src/hotspot/share/interpreter/linkResolver.cpp, line 766]
Event: 4.074 Thread 0x00000191d2a3c800 Exception <a 'java/lang/ClassNotFoundException'{0x00000007113f73f0}: Script1BeanInfo> (0x00000007113f73f0) 
thrown [./open/src/hotspot/share/classfile/systemDictionary.cpp, line 226]
Event: 4.074 Thread 0x00000191d2a3c800 Exception <a 'java/lang/ClassNotFoundException'{0x000000071120e8d8}: groovy/lang/ScriptBeanInfo> (0x000000071120e8d8) 
thrown [./open/src/hotspot/share/classfile/systemDictionary.cpp, line 226]
Event: 4.075 Thread 0x00000191d2a3c800 Exception <a 'java/lang/ClassNotFoundException'{0x0000000711225cd0}: groovy/lang/ScriptCustomizer> (0x0000000711225cd0) 
thrown [./open/src/hotspot/share/classfile/systemDictionary.cpp, line 226]
Event: 4.076 Thread 0x00000191d2a3c800 Exception <a 'java/lang/ClassNotFoundException'{0x000000071123f088}: Script1Customizer> (0x000000071123f088) 
thrown [./open/src/hotspot/share/classfile/systemDictionary.cpp, line 226]
Event: 4.091 Thread 0x00000191d2a3c800 Exception <a 'java/lang/ClassNotFoundException'{0x000000071116cb48}: sun/net/www/protocol/c/Handler> (0x000000071116cb48) 
thrown [./open/src/hotspot/share/classfile/systemDictionary.cpp, line 226]
Event: 4.123 Thread 0x00000191d2a3c800 Exception <a 'java/lang/reflect/InvocationTargetException'{0x00000007110ad4e0}> (0x00000007110ad4e0) 
thrown [./open/src/hotspot/share/runtime/reflection.cpp, line 1188]
Event: 4.142 Thread 0x00000191d2a3c800 Exception <a 'java/lang/ClassCastException'{0x0000000710f1eb50}: class io.restassured.filter.time.TimingFilter cannot be cast to class groovy.lang.GroovyObject (io.restassured.filter.time.TimingFilter and groovy.lang.GroovyObject are in unnamed module of loader 'app')> (0x0000000710f1eb50) 
thrown [./open/src/hotspot/share/interpreter/interpreterRuntime.cpp, line 474]
Event: 4.424 Thread 0x00000191d2a3c800 Exception <a 'java/lang/ClassNotFoundException'{0x000000070831d8a0}: Script1BeanInfo> (0x000000070831d8a0) 
thrown [./open/src/hotspot/share/classfile/systemDictionary.cpp, line 226]
Event: 4.425 Thread 0x00000191d2a3c800 Exception <a 'java/lang/ClassNotFoundException'{0x000000070832be20}: Script1Customizer> (0x000000070832be20) 
thrown [./open/src/hotspot/share/classfile/systemDictionary.cpp, line 226]
Event: 4.427 Thread 0x00000191d2a3c800 Exception <a 'java/lang/ClassNotFoundException'{0x0000000708337a10}: sun/net/www/protocol/c/Handler> (0x0000000708337a10) 
thrown [./open/src/hotspot/share/classfile/systemDictionary.cpp, line 226]
Event: 3480.146 Thread 0x00000191f7089000 Exception <a 'java/lang/LinkageError'{0x0000000708381608}> (0x0000000708381608) 
thrown [./open/src/hotspot/share/oops/generateOopMap.cpp, line 2140]

Events (20 events):
Event: 3461.802 Executing VM operation: ChangeBreakpoints
Event: 3461.805 Executing VM operation: ChangeBreakpoints done
Event: 3461.813 Executing VM operation: ChangeBreakpoints
Event: 3461.815 Executing VM operation: ChangeBreakpoints done
Event: 3461.823 Executing VM operation: ChangeBreakpoints
Event: 3461.825 Executing VM operation: ChangeBreakpoints done
Event: 3461.827 Executing VM operation: GetFrameCount
Event: 3461.827 Executing VM operation: GetFrameCount done
Event: 3461.827 Executing VM operation: GetStackTrace
Event: 3461.827 Executing VM operation: GetStackTrace done
Event: 3474.839 Executing VM operation: GetCurrentContendedMonitor
Event: 3474.839 Executing VM operation: GetCurrentContendedMonitor done
Event: 3474.839 Executing VM operation: GetOwnedMonitorInfo
Event: 3474.839 Executing VM operation: GetOwnedMonitorInfo done
Event: 3479.328 Executing VM operation: GetCurrentContendedMonitor
Event: 3479.328 Executing VM operation: GetCurrentContendedMonitor done
Event: 3479.328 Executing VM operation: GetOwnedMonitorInfo
Event: 3479.328 Executing VM operation: GetOwnedMonitorInfo done
Event: 3480.146 Executing VM operation: GetFrameLocation
Event: 3480.146 Executing VM operation: GetFrameLocation done


Dynamic libraries:
0x00007ff69b060000 - 0x00007ff69b06f000 	C:\Program Files\Java\jdk-14.0.1\bin\javaw.exe
0x00007ffc67690000 - 0x00007ffc67884000 	C:\Windows\SYSTEM32\ntdll.dll
0x00007ffc66000000 - 0x00007ffc660bd000 	C:\Windows\System32\KERNEL32.dll
0x00007ffc64ab0000 - 0x00007ffc64be2000 	C:\Windows\system32\hmpalert.dll
0x00007ffc65380000 - 0x00007ffc65647000 	C:\Windows\System32\KERNELBASE.dll
0x00007ffc65a60000 - 0x00007ffc65b0a000 	C:\Windows\System32\ADVAPI32.dll
0x00007ffc66790000 - 0x00007ffc6682e000 	C:\Windows\System32\msvcrt.dll
0x00007ffc66470000 - 0x00007ffc6650b000 	C:\Windows\System32\sechost.dll
0x00007ffc66830000 - 0x00007ffc66953000 	C:\Windows\System32\RPCRT4.dll
0x00007ffc65250000 - 0x00007ffc65350000 	C:\Windows\System32\ucrtbase.dll
0x00007ffc4ea90000 - 0x00007ffc4eaa5000 	C:\Program Files\Java\jdk-14.0.1\bin\VCRUNTIME140.dll
0x00007ffc4a220000 - 0x00007ffc4a238000 	C:\Program Files\Java\jdk-14.0.1\bin\jli.dll
0x00007ffc65e60000 - 0x00007ffc66000000 	C:\Windows\System32\USER32.dll
0x00007ffc65350000 - 0x00007ffc65372000 	C:\Windows\System32\win32u.dll
0x00007ffc660c0000 - 0x00007ffc660ea000 	C:\Windows\System32\GDI32.dll
0x00007ffc64e90000 - 0x00007ffc64f9a000 	C:\Windows\System32\gdi32full.dll
0x00007ffc3ecc0000 - 0x00007ffc3ef5a000 	C:\Windows\WinSxS\amd64_microsoft.windows.common-controls_6595b64144ccf1df_6.0.19041.1_none_b555e41d4684ddec\COMCTL32.dll
0x00007ffc651b0000 - 0x00007ffc6524d000 	C:\Windows\System32\msvcp_win.dll
0x00007ffc5abc0000 - 0x00007ffc5abca000 	C:\Windows\SYSTEM32\VERSION.dll
0x00007ffc66960000 - 0x00007ffc66990000 	C:\Windows\System32\IMM32.DLL
0x00007ffc327c0000 - 0x00007ffc3285b000 	C:\Program Files\Java\jdk-14.0.1\bin\msvcp140.dll
0x00007ffc0d4a0000 - 0x00007ffc0dfbe000 	C:\Program Files\Java\jdk-14.0.1\bin\server\jvm.dll
0x00007ffc66290000 - 0x00007ffc66298000 	C:\Windows\System32\PSAPI.DLL
0x00007ffc5bcb0000 - 0x00007ffc5bcb9000 	C:\Windows\SYSTEM32\WSOCK32.dll
0x00007ffc51e50000 - 0x00007ffc51e77000 	C:\Windows\SYSTEM32\WINMM.dll
0x00007ffc665f0000 - 0x00007ffc6665b000 	C:\Windows\System32\WS2_32.dll
0x00007ffc635c0000 - 0x00007ffc635d3000 	C:\Windows\SYSTEM32\kernel.appcore.dll
0x00007ffc4e3a0000 - 0x00007ffc4e3aa000 	C:\Program Files\Java\jdk-14.0.1\bin\jimage.dll
0x00007ffc62af0000 - 0x00007ffc62cd4000 	C:\Windows\SYSTEM32\DBGHELP.DLL
0x00007ffc51e20000 - 0x00007ffc51e4c000 	C:\Windows\SYSTEM32\dbgcore.DLL
0x00007ffc64fa0000 - 0x00007ffc6501f000 	C:\Windows\System32\bcryptPrimitives.dll
0x00007ffc44740000 - 0x00007ffc44778000 	C:\Program Files\Java\jdk-14.0.1\bin\jdwp.dll
0x00007ffc452c0000 - 0x00007ffc452e5000 	C:\Program Files\Java\jdk-14.0.1\bin\java.dll
0x00007ffc453f0000 - 0x00007ffc45406000 	C:\Program Files\Java\jdk-14.0.1\bin\zip.dll
0x00007ffc66f10000 - 0x00007ffc67645000 	C:\Windows\System32\SHELL32.dll
0x00007ffc62dd0000 - 0x00007ffc6355f000 	C:\Windows\SYSTEM32\windows.storage.dll
0x00007ffc65700000 - 0x00007ffc65a53000 	C:\Windows\System32\combase.dll
0x00007ffc64580000 - 0x00007ffc645ab000 	C:\Windows\SYSTEM32\Wldp.dll
0x00007ffc669f0000 - 0x00007ffc66a9e000 	C:\Windows\System32\SHCORE.dll
0x00007ffc65b20000 - 0x00007ffc65b75000 	C:\Windows\System32\shlwapi.dll
0x00007ffc64d20000 - 0x00007ffc64d3f000 	C:\Windows\SYSTEM32\profapi.dll
0x00007ffc4df90000 - 0x00007ffc4df9b000 	C:\Program Files\Java\jdk-14.0.1\bin\dt_socket.dll
0x00007ffc64080000 - 0x00007ffc640bb000 	C:\Windows\SYSTEM32\IPHLPAPI.DLL
0x00007ffc64370000 - 0x00007ffc643da000 	C:\Windows\system32\mswsock.dll
0x00007ffc640d0000 - 0x00007ffc6419a000 	C:\Windows\SYSTEM32\DNSAPI.dll
0x00007ffc65b10000 - 0x00007ffc65b19000 	C:\Windows\System32\NSI.dll
0x00007ffc58e80000 - 0x00007ffc58e8a000 	C:\Windows\System32\rasadhlp.dll
0x00007ffc5c990000 - 0x00007ffc5ca0f000 	C:\Windows\System32\fwpuclnt.dll
0x00007ffc65180000 - 0x00007ffc651a7000 	C:\Windows\System32\bcrypt.dll
0x00007ffc43f80000 - 0x00007ffc43f99000 	C:\Program Files\Java\jdk-14.0.1\bin\net.dll
0x00007ffc59660000 - 0x00007ffc59760000 	C:\Windows\SYSTEM32\WINHTTP.dll
0x00007ffc3e420000 - 0x00007ffc3e432000 	C:\Program Files\Java\jdk-14.0.1\bin\nio.dll
0x00007ffc645c0000 - 0x00007ffc645d8000 	C:\Windows\SYSTEM32\CRYPTSP.dll
0x00007ffc63d20000 - 0x00007ffc63d54000 	C:\Windows\system32\rsaenh.dll
0x00007ffc64ce0000 - 0x00007ffc64d0e000 	C:\Windows\SYSTEM32\USERENV.dll
0x00007ffc644f0000 - 0x00007ffc644fc000 	C:\Windows\SYSTEM32\CRYPTBASE.dll
0x00007ffc5c680000 - 0x00007ffc5c697000 	C:\Windows\SYSTEM32\dhcpcsvc6.DLL
0x00007ffc5c660000 - 0x00007ffc5c67d000 	C:\Windows\SYSTEM32\dhcpcsvc.DLL
0x00007ffc4db20000 - 0x00007ffc4db30000 	C:\Program Files\Java\jdk-14.0.1\bin\verify.dll
0x00007ffc5bcd0000 - 0x00007ffc5bce7000 	C:\Windows\system32\napinsp.dll
0x00007ffc5bcf0000 - 0x00007ffc5bd0b000 	C:\Windows\system32\pnrpnsp.dll
0x00007ffc5c900000 - 0x00007ffc5c915000 	C:\Windows\system32\wshbth.dll
0x00007ffc5b820000 - 0x00007ffc5b83d000 	C:\Windows\system32\NLAapi.dll
0x00007ffc5bd10000 - 0x00007ffc5bd22000 	C:\Windows\System32\winrnr.dll
0x00007ffc4d8c0000 - 0x00007ffc4d8ce000 	C:\Program Files\Java\jdk-14.0.1\bin\sunmscapi.dll
0x00007ffc65020000 - 0x00007ffc6517d000 	C:\Windows\System32\CRYPT32.dll
0x00007ffc64720000 - 0x00007ffc64747000 	C:\Windows\SYSTEM32\ncrypt.dll
0x00007ffc646e0000 - 0x00007ffc6471b000 	C:\Windows\SYSTEM32\NTASN1.dll
0x00007ffc3b380000 - 0x00007ffc3b3a5000 	C:\Program Files\Java\jdk-14.0.1\bin\sunec.dll

dbghelp: loaded successfully - version: 4.0.5 - missing functions: none
symbol engine: initialized successfully - sym options: 0x614 - pdb path: .;C:\Program Files\Java\jdk-14.0.1\bin;C:\Windows\SYSTEM32;C:\Windows\WinSxS\amd64_microsoft.windows.common-controls_6595b64144ccf1df_6.0.19041.1_none_b555e41d4684ddec;C:\Program Files\Java\jdk-14.0.1\bin\server

VM Arguments:
jvm_args: -agentlib:jdwp=transport=dt_socket,suspend=y,address=localhost:62141 -ea -Denv=dev -Dfile.encoding=Cp1252 
java_command: org.testng.remote.RemoteTestNG -port 62140 -protocol string -d C:\Users\satya.ranimekala\git\TalkizApi\test-output C:\Users\SATYA~1.RAN\AppData\Local\Temp\testng-eclipse-364450236\testng-customsuite.xml
java_class_path (initial): C:\Users\satya.ranimekala\eclipse\java-2020-06\eclipse\configuration\org.eclipse.osgi\453\0\.cp\lib\testng-remote.jar;C:\Users\satya.ranimekala\git\TalkizApi\target\test-classes;C:\Users\satya.ranimekala\git\TalkizApi\target\classes;C:\RestAssured_libs\rest-assured-4.3.0-deps\activation.jar;C:\RestAssured_libs\rest-assured-4.3.0-deps\commons-logging-1.1.2.jar;C:\RestAssured_libs\rest-assured-4.3.0-deps\mail.jar;C:\Users\satya.ranimekala\.m2\repository\org\testng\testng\7.1.0\testng-7.1.0.jar;C:\Users\satya.ranimekala\.m2\repository\com\beust\jcommander\1.72\jcommander-1.72.jar;C:\Users\satya.ranimekala\.m2\repository\com\google\inject\guice\4.1.0\guice-4.1.0-no_aop.jar;C:\Users\satya.ranimekala\.m2\repository\javax\inject\javax.inject\1\javax.inject-1.jar;C:\Users\satya.ranimekala\.m2\repository\aopalliance\aopalliance\1.0\aopalliance-1.0.jar;C:\Users\satya.ranimekala\.m2\repository\com\google\guava\guava\19.0\guava-19.0.jar;C:\Users\satya.ranimekala\.m2\repository\org\yaml\snakeyaml\1.21\snakeyaml-1.21.jar;C:\Users\satya.ranimekala\.m2\repository\org\slf4j\slf4j-simple\1.0-rc1\slf4j-simple-1.0-rc1.jar;C:\Users\satya.ranimekala\.m2\repository\javax\activation\activation\1.1.1\activation-1.1.1.jar;C:\Users\satya.ranimekala\.m2\repository\javax\mail\mail\1.4.7\mail-1.4.7.jar;C:\Users\satya.ranimekala\.m2\repository\commons-logging\commons-logging\1.2\commons-logging-1.2.jar;C:\Users\satya.ranimekala\.m2\repository\io\rest-assured\rest-assured\4.3.1\rest-assured-4.3.1.jar;C:\Users\satya.ranimekala\.m2\repository\org\codehaus\groovy\groovy\3.0.3\groovy-3.0.3.jar;C:\Users\satya.ranimekala\.m2\repository\org\codehaus\groovy\groovy-xml\3.0.3\groovy-xml-3.0.3.jar;C:\Users\satya.ranimekala\.m2\repository\org\apache\httpcomponents\httpclient\4.5.3\httpclient-4.5.3.jar;C:\Users\satya.ranimekala\.m2\repository\org\apache\httpcomponents\httpcore\4.4.6\httpcore-4.4.6.jar;C:\Users\satya.ranimekala\.m2\repository\commons-codec\commons-codec\1.9\commons-
Launcher Type: SUN_STANDARD

[Global flags]
     intx CICompilerCount                          = 4                                         {product} {ergonomic}
     uint ConcGCThreads                            = 2                                         {product} {ergonomic}
     uint G1ConcRefinementThreads                  = 8                                         {product} {ergonomic}
   size_t G1HeapRegionSize                         = 1048576                                   {product} {ergonomic}
    uintx GCDrainStackTargetSize                   = 64                                        {product} {ergonomic}
   size_t InitialHeapSize                          = 266338304                                 {product} {ergonomic}
   size_t MarkStackSize                            = 4194304                                   {product} {ergonomic}
   size_t MaxHeapSize                              = 4229955584                                {product} {ergonomic}
   size_t MaxNewSize                               = 2537553920                                {product} {ergonomic}
   size_t MinHeapDeltaBytes                        = 1048576                                   {product} {ergonomic}
   size_t MinHeapSize                              = 8388608                                   {product} {ergonomic}
    uintx NonNMethodCodeHeapSize                   = 5839372                                {pd product} {ergonomic}
    uintx NonProfiledCodeHeapSize                  = 122909434                              {pd product} {ergonomic}
    uintx ProfiledCodeHeapSize                     = 122909434                              {pd product} {ergonomic}
    uintx ReservedCodeCacheSize                    = 251658240                              {pd product} {ergonomic}
     bool SegmentedCodeCache                       = true                                      {product} {ergonomic}
   size_t SoftMaxHeapSize                          = 4229955584                             {manageable} {ergonomic}
     bool UseCompressedClassPointers               = true                                 {lp64_product} {ergonomic}
     bool UseCompressedOops                        = true                                 {lp64_product} {ergonomic}
     bool UseG1GC                                  = true                                      {product} {ergonomic}
     bool UseLargePagesIndividualAllocation        = false                                  {pd product} {ergonomic}

Logging:
Log output configuration:
 #0: stdout all=warning uptime,level,tags
 #1: stderr all=off uptime,level,tags

Environment Variables:
JAVA_HOME=C:\Program Files\Java\jdk-14.0.1\bin
PATH=C:/Program Files/Java/jre1.8.0_251/bin/server;C:/Program Files/Java/jre1.8.0_251/bin;C:/Program Files/Java/jre1.8.0_251/lib/amd64;C:\Program Files\Java\jdk-14.0.1\bin;C:\Windows\system32;C:\Windows;C:\Windows\System32\Wbem;C:\Windows\System32\WindowsPowerShell\v1.0\;C:\Windows\System32\OpenSSH\;C:\Program Files\nodejs\;C:\Program Files\PuTTY\;C:\Users\satya.ranimekala\Git\cmd;C:\Users\satya.ranimekala\Git\mingw64\bin;C:\Users\satya.ranimekala\Git\usr\bin;C:\Users\satya.ranimekala\AppData\Local\Microsoft\WindowsApps;C:\Users\satya.ranimekala\AppData\Roaming\npm;C:\Users\satya.ranimekala\AppData\Local\Programs\Microsoft VS Code\bin;C:\Users\satya.ranimekala\Desktop;
USERNAME=satya.ranimekala
OS=Windows_NT
PROCESSOR_IDENTIFIER=Intel64 Family 6 Model 142 Stepping 12, GenuineIntel



---------------  S Y S T E M  ---------------

OS: Windows 10 , 64 bit Build 19041 (10.0.19041.292)
OS uptime: 11 days 13:42 hours
HyperV virtualization detected

CPU:total 8 (initial active 8) (4 cores per cpu, 2 threads per core) family 6 model 142 stepping 12, cmov, cx8, fxsr, mmx, sse, sse2, sse3, ssse3, sse4.1, sse4.2, popcnt, avx, avx2, aes, clmul, erms, 3dnowpref, lzcnt, ht, tsc, tscinvbit, bmi1, bmi2, adx, fma

Memory: 4k page, system-wide physical 16130M (4040M free)
TotalPageFile size 20099M (AvailPageFile size 3684M)
current process WorkingSet (physical memory assigned to process): 181M, peak: 245M
current process commit charge ("private bytes"): 228M, peak: 439M

vm_info: Java HotSpot(TM) 64-Bit Server VM (14.0.1+7) for windows-amd64 JRE (14.0.1+7), built on Mar  5 2020 10:30:14 by "mach5one" with MS VC++ 15.9 (VS2017)

END.
